<?xml version="1.0" encoding="UTF-8"?>
<testng-results skipped="0" failed="0" ignored="0" total="2" passed="2">
  <reporter-output>
  </reporter-output>
  <suite name="Suite" duration-ms="32608" started-at="2020-08-03T04:47:46Z" finished-at="2020-08-03T04:48:19Z">
    <groups>
    </groups>
    <test name="ChromeTest" duration-ms="20202" started-at="2020-08-03T04:47:46Z" finished-at="2020-08-03T04:48:07Z">
      <class name="Org.qsp.testngdemo.ParallelBrowser">
        <test-method status="PASS" signature="bm(java.lang.String)[pri:0, instance:Org.qsp.testngdemo.ParallelBrowser@6a4f787b]" name="bm" is-config="true" duration-ms="10459" started-at="2020-08-03T04:47:46Z" finished-at="2020-08-03T04:47:57Z">
          <params>
            <param index="0">
              <value>
                <![CDATA[chrome]]>
              </value>
            </param>
          </params>
          <reporter-output>
          </reporter-output>
        </test-method> <!-- bm -->
        <test-method status="PASS" signature="m()[pri:0, instance:Org.qsp.testngdemo.ParallelBrowser@6a4f787b]" name="m" duration-ms="9673" started-at="2020-08-03T04:47:57Z" finished-at="2020-08-03T04:48:07Z">
          <reporter-output>
          </reporter-output>
        </test-method> <!-- m -->
      </class> <!-- Org.qsp.testngdemo.ParallelBrowser -->
    </test> <!-- ChromeTest -->
    <test name="FirefoxTest" duration-ms="32608" started-at="2020-08-03T04:47:46Z" finished-at="2020-08-03T04:48:19Z">
      <class name="Org.qsp.testngdemo.ParallelBrowser">
        <test-method status="PASS" signature="bm(java.lang.String)[pri:0, instance:Org.qsp.testngdemo.ParallelBrowser@55f3ddb1]" name="bm" is-config="true" duration-ms="14302" started-at="2020-08-03T04:47:46Z" finished-at="2020-08-03T04:48:01Z">
          <params>
            <param index="0">
              <value>
                <![CDATA[firefox]]>
              </value>
            </param>
          </params>
          <reporter-output>
          </reporter-output>
        </test-method> <!-- bm -->
        <test-method status="PASS" signature="m()[pri:0, instance:Org.qsp.testngdemo.ParallelBrowser@55f3ddb1]" name="m" duration-ms="18243" started-at="2020-08-03T04:48:01Z" finished-at="2020-08-03T04:48:19Z">
          <reporter-output>
          </reporter-output>
        </test-method> <!-- m -->
      </class> <!-- Org.qsp.testngdemo.ParallelBrowser -->
    </test> <!-- FirefoxTest -->
  </suite> <!-- Suite -->
</testng-results>
